# JRE version: Java(TM) SE Runtime Environment (8.0_251-b08) (build 1.8.0_251-b08)
# Java VM: Java HotSpot(TM) 64-Bit Server VM (25.251-b08 mixed mode windows-amd64 compressed oops)
Heap:
 PSYoungGen      total 207360K, used 81299K [0x00000000d6000000, 0x00000000e4580000, 0x0000000100000000)
  eden space 197120K, 36% used [0x00000000d6000000,0x00000000da58feb0,0x00000000e2080000)
  from space 10240K, 98% used [0x00000000e2880000,0x00000000e3254eb0,0x00000000e3280000)
  to   space 18944K, 0% used [0x00000000e3300000,0x00000000e3300000,0x00000000e4580000)
 ParOldGen       total 86528K, used 31778K [0x0000000082000000, 0x0000000087480000, 0x00000000d6000000)
  object space 86528K, 36% used [0x0000000082000000,0x0000000083f08be8,0x0000000087480000)
 Metaspace       used 51824K, capacity 54606K, committed 54656K, reserved 1095680K
  class space    used 7263K, capacity 7777K, committed 7808K, reserved 1048576K
GC Heap History (10 events):
Event: 7.190 GC heap before
{Heap before GC invocations=9 (full 1):
 PSYoungGen      total 133632K, used 97866K [0x00000000d6000000, 0x00000000e1c00000, 0x0000000100000000)
  eden space 124928K, 71% used [0x00000000d6000000,0x00000000db7172d8,0x00000000dda00000)
  from space 8704K, 99% used [0x00000000dda00000,0x00000000de27b5e8,0x00000000de280000)
  to   space 11264K, 0% used [0x00000000e1100000,0x00000000e1100000,0x00000000e1c00000)
 ParOldGen       total 53248K, used 9121K [0x0000000082000000, 0x0000000085400000, 0x00000000d6000000)
  object space 53248K, 17% used [0x0000000082000000,0x00000000828e8528,0x0000000085400000)
 Metaspace       used 33728K, capacity 35458K, committed 35496K, reserved 1079296K
  class space    used 4778K, capacity 5110K, committed 5120K, reserved 1048576K
Event: 7.217 GC heap after
Heap after GC invocations=9 (full 1):
 PSYoungGen      total 179712K, used 11237K [0x00000000d6000000, 0x00000000e3880000, 0x0000000100000000)
  eden space 168448K, 0% used [0x00000000d6000000,0x00000000d6000000,0x00000000e0480000)
  from space 11264K, 99% used [0x00000000e1100000,0x00000000e1bf9460,0x00000000e1c00000)
  to   space 12800K, 0% used [0x00000000e0480000,0x00000000e0480000,0x00000000e1100000)
 ParOldGen       total 53248K, used 9387K [0x0000000082000000, 0x0000000085400000, 0x00000000d6000000)
  object space 53248K, 17% used [0x0000000082000000,0x000000008292ac60,0x0000000085400000)
 Metaspace       used 33728K, capacity 35458K, committed 35496K, reserved 1079296K
  class space    used 4778K, capacity 5110K, committed 5120K, reserved 1048576K
}
Event: 7.217 GC heap before
{Heap before GC invocations=10 (full 2):
 PSYoungGen      total 179712K, used 11237K [0x00000000d6000000, 0x00000000e3880000, 0x0000000100000000)
  eden space 168448K, 0% used [0x00000000d6000000,0x00000000d6000000,0x00000000e0480000)
  from space 11264K, 99% used [0x00000000e1100000,0x00000000e1bf9460,0x00000000e1c00000)
  to   space 12800K, 0% used [0x00000000e0480000,0x00000000e0480000,0x00000000e1100000)
 ParOldGen       total 53248K, used 9387K [0x0000000082000000, 0x0000000085400000, 0x00000000d6000000)
  object space 53248K, 17% used [0x0000000082000000,0x000000008292ac60,0x0000000085400000)
 Metaspace       used 33728K, capacity 35458K, committed 35496K, reserved 1079296K
  class space    used 4778K, capacity 5110K, committed 5120K, reserved 1048576K
Event: 7.349 GC heap after
Heap after GC invocations=10 (full 2):
 PSYoungGen      total 179712K, used 0K [0x00000000d6000000, 0x00000000e3880000, 0x0000000100000000)
  eden space 168448K, 0% used [0x00000000d6000000,0x00000000d6000000,0x00000000e0480000)
  from space 11264K, 0% used [0x00000000e1100000,0x00000000e1100000,0x00000000e1c00000)
  to   space 12800K, 0% used [0x00000000e0480000,0x00000000e0480000,0x00000000e1100000)
 ParOldGen       total 86528K, used 15728K [0x0000000082000000, 0x0000000087480000, 0x00000000d6000000)
  object space 86528K, 18% used [0x0000000082000000,0x0000000082f5c180,0x0000000087480000)
 Metaspace       used 33728K, capacity 35458K, committed 35496K, reserved 1079296K
  class space    used 4778K, capacity 5110K, committed 5120K, reserved 1048576K
}
Event: 11.488 GC heap before
{Heap before GC invocations=11 (full 2):
 PSYoungGen      total 179712K, used 168448K [0x00000000d6000000, 0x00000000e3880000, 0x0000000100000000)
  eden space 168448K, 100% used [0x00000000d6000000,0x00000000e0480000,0x00000000e0480000)
  from space 11264K, 0% used [0x00000000e1100000,0x00000000e1100000,0x00000000e1c00000)
  to   space 12800K, 0% used [0x00000000e0480000,0x00000000e0480000,0x00000000e1100000)
 ParOldGen       total 86528K, used 15728K [0x0000000082000000, 0x0000000087480000, 0x00000000d6000000)
  object space 86528K, 18% used [0x0000000082000000,0x0000000082f5c180,0x0000000087480000)
 Metaspace       used 47493K, capacity 50184K, committed 50304K, reserved 1091584K
  class space    used 6748K, capacity 7250K, committed 7296K, reserved 1048576K
Event: 11.512 GC heap after
Heap after GC invocations=11 (full 2):
 PSYoungGen      total 181248K, used 12770K [0x00000000d6000000, 0x00000000e4f80000, 0x0000000100000000)
  eden space 168448K, 0% used [0x00000000d6000000,0x00000000d6000000,0x00000000e0480000)
  from space 12800K, 99% used [0x00000000e0480000,0x00000000e10f8a08,0x00000000e1100000)
  to   space 16896K, 0% used [0x00000000e3f00000,0x00000000e3f00000,0x00000000e4f80000)
 ParOldGen       total 86528K, used 21251K [0x0000000082000000, 0x0000000087480000, 0x00000000d6000000)
  object space 86528K, 24% used [0x0000000082000000,0x00000000834c0f18,0x0000000087480000)
 Metaspace       used 47493K, capacity 50184K, committed 50304K, reserved 1091584K
  class space    used 6748K, capacity 7250K, committed 7296K, reserved 1048576K
}
Event: 42245.961 GC heap before
{Heap before GC invocations=12 (full 2):
 PSYoungGen      total 181248K, used 181218K [0x00000000d6000000, 0x00000000e4f80000, 0x0000000100000000)
  eden space 168448K, 100% used [0x00000000d6000000,0x00000000e0480000,0x00000000e0480000)
  from space 12800K, 99% used [0x00000000e0480000,0x00000000e10f8a08,0x00000000e1100000)
  to   space 16896K, 0% used [0x00000000e3f00000,0x00000000e3f00000,0x00000000e4f80000)
 ParOldGen       total 86528K, used 21251K [0x0000000082000000, 0x0000000087480000, 0x00000000d6000000)
  object space 86528K, 24% used [0x0000000082000000,0x00000000834c0f18,0x0000000087480000)
 Metaspace       used 51806K, capacity 54602K, committed 54656K, reserved 1095680K
  class space    used 7263K, capacity 7777K, committed 7808K, reserved 1048576K
Event: 42250.789 GC heap after
Heap after GC invocations=12 (full 2):
 PSYoungGen      total 221184K, used 16866K [0x00000000d6000000, 0x00000000e4f80000, 0x0000000100000000)
  eden space 204288K, 0% used [0x00000000d6000000,0x00000000d6000000,0x00000000e2780000)
  from space 16896K, 99% used [0x00000000e3f00000,0x00000000e4f78860,0x00000000e4f80000)
  to   space 19968K, 0% used [0x00000000e2880000,0x00000000e2880000,0x00000000e3c00000)
 ParOldGen       total 86528K, used 22491K [0x0000000082000000, 0x0000000087480000, 0x00000000d6000000)
  object space 86528K, 25% used [0x0000000082000000,0x00000000835f6f18,0x0000000087480000)
 Metaspace       used 51806K, capacity 54602K, committed 54656K, reserved 1095680K
  class space    used 7263K, capacity 7777K, committed 7808K, reserved 1048576K
}
Event: 86655.575 GC heap before
{Heap before GC invocations=13 (full 2):
 PSYoungGen      total 221184K, used 221154K [0x00000000d6000000, 0x00000000e4f80000, 0x0000000100000000)
  eden space 204288K, 100% used [0x00000000d6000000,0x00000000e2780000,0x00000000e2780000)
  from space 16896K, 99% used [0x00000000e3f00000,0x00000000e4f78860,0x00000000e4f80000)
  to   space 19968K, 0% used [0x00000000e2880000,0x00000000e2880000,0x00000000e3c00000)
 ParOldGen       total 86528K, used 22491K [0x0000000082000000, 0x0000000087480000, 0x00000000d6000000)
  object space 86528K, 25% used [0x0000000082000000,0x00000000835f6f18,0x0000000087480000)
 Metaspace       used 51824K, capacity 54602K, committed 54656K, reserved 1095680K
  class space    used 7263K, capacity 7777K, committed 7808K, reserved 1048576K
Event: 86660.091 GC heap after
Heap after GC invocations=13 (full 2):
 PSYoungGen      total 207360K, used 10067K [0x00000000d6000000, 0x00000000e4580000, 0x0000000100000000)
  eden space 197120K, 0% used [0x00000000d6000000,0x00000000d6000000,0x00000000e2080000)
  from space 10240K, 98% used [0x00000000e2880000,0x00000000e3254eb0,0x00000000e3280000)
  to   space 18944K, 0% used [0x00000000e3300000,0x00000000e3300000,0x00000000e4580000)
 ParOldGen       total 86528K, used 31778K [0x0000000082000000, 0x0000000087480000, 0x00000000d6000000)
  object space 86528K, 36% used [0x0000000082000000,0x0000000083f08be8,0x0000000087480000)
 Metaspace       used 51824K, capacity 54602K, committed 54656K, reserved 1095680K
  class space    used 7263K, capacity 7777K, committed 7808K, reserved 1048576K
}

